<?xml version="1.0" encoding="UTF-8"?>
<!-- Generated by org.testng.reporters.JUnitXMLReporter -->
<testsuite ignored="0" hostname="DESKTOP-SB2UTKP" failures="0" tests="1" name="Test" time="0.185" errors="0" timestamp="2023-03-03T18:21:07 IST">
  <testcase classname="testNGBankingSystem.BaseClass" name="@BeforeClass initialiationSetUp" time="0.09">
    <failure type="java.io.FileNotFoundException" message=".\src\test\resources\excelpractice.xlsx (The system cannot find the file specified)">
      <![CDATA[java.io.FileNotFoundException: .\src\test\resources\excelpractice.xlsx (The system cannot find the file specified)
at java.base/java.io.FileInputStream.open0(Native Method)
at java.base/java.io.FileInputStream.open(FileInputStream.java:211)
at java.base/java.io.FileInputStream.<init>(FileInputStream.java:153)
at java.base/java.io.FileInputStream.<init>(FileInputStream.java:108)
at com.banking.generic.ExcelUtility.initialize(ExcelUtility.java:113)
at com.banking.generic.ExcelUtility.<init>(ExcelUtility.java:38)
at testNGBankingSystem.BaseClass.initialiationSetUp(BaseClass.java:53)
at java.base/java.util.ArrayList.forEach(ArrayList.java:1511)
... Removed 25 stack frames]]>
    </failure>
  </testcase> <!-- @BeforeClass initialiationSetUp -->
  <testcase classname="testNGBankingSystem.BaseClass" name="@BeforeMethod methodSetup" time="0.002">
    <failure type="java.lang.NullPointerException" message="Cannot invoke &amp;quot;org.openqa.selenium.WebDriver.manage()&amp;quot; because &amp;quot;this.driver&amp;quot; is null">
      <![CDATA[java.lang.NullPointerException: Cannot invoke "org.openqa.selenium.WebDriver.manage()" because "this.driver" is null
at com.banking.generic.SeleniumUtility.maximizeBrowser(SeleniumUtility.java:67)
at testNGBankingSystem.BaseClass.methodSetup(BaseClass.java:78)
at java.base/java.util.ArrayList.forEach(ArrayList.java:1511)
... Removed 31 stack frames]]>
    </failure>
  </testcase> <!-- @BeforeMethod methodSetup -->
  <testcase classname="testNGBankingSystem.BaseClass" name="@AfterMethod tearDown" time="0.0">
    <failure type="java.lang.NullPointerException" message="Cannot invoke &amp;quot;org.openqa.selenium.WebDriver.quit()&amp;quot; because &amp;quot;this.driver&amp;quot; is null">
      <![CDATA[java.lang.NullPointerException: Cannot invoke "org.openqa.selenium.WebDriver.quit()" because "this.driver" is null
at com.banking.generic.SeleniumUtility.closeBrowser(SeleniumUtility.java:88)
at testNGBankingSystem.BaseClass.tearDown(BaseClass.java:101)
at java.base/java.util.ArrayList.forEach(ArrayList.java:1511)
... Removed 32 stack frames]]>
    </failure>
  </testcase> <!-- @AfterMethod tearDown -->
  <testcase classname="testNGBankingSystem.BaseClass" name="@AfterClass initiallizationTearDown" time="0.0">
    <failure type="java.lang.NullPointerException" message="Cannot invoke &amp;quot;com.banking.generic.ExcelUtility.close()&amp;quot; because &amp;quot;this.excelUtility&amp;quot; is null">
      <![CDATA[java.lang.NullPointerException: Cannot invoke "com.banking.generic.ExcelUtility.close()" because "this.excelUtility" is null
at testNGBankingSystem.BaseClass.initiallizationTearDown(BaseClass.java:106)
at java.base/java.util.ArrayList.forEach(ArrayList.java:1511)
... Removed 25 stack frames]]>
    </failure>
  </testcase> <!-- @AfterClass initiallizationTearDown -->
  <testcase classname="testNGBankingSystem.OpenAccountTestM" name="openAccount" time="0.0">
    <skipped/>
  </testcase> <!-- openAccount -->
</testsuite> <!-- Test -->
